2025-12-05 14:10:06.140 [02992:08912] [UMCtrl]     CopyUmhhDllsToRoot: copied C:\Users\Public\UserModeHookHelper\x64\Release\umhh.dll.x64.dll to C:\umhh.dll.x64.dll
2025-12-05 14:10:07.140 [02992:08912] [UMCtrl]     CopyUmhhDllsToRoot: copied C:\Users\Public\UserModeHookHelper\x64\Release\umhh.dll.Win32.dll to C:\umhh.dll.Win32.dll
2025-12-05 14:10:07.140 [02992:08912] [UMCtrl]     ConfigureBootStartService: service UMHH.BootStart deleted
2025-12-05 14:10:07.141 [02992:08912] [UMCtrl]     UMHH_BS_DriverCheck: created boot-start kernel driver UMHH.BootStart
2025-12-05 14:10:07.141 [02992:08912] [UMCtrl]     Service 'UserModeHookHelper' not running (state=1), attempting to start
2025-12-05 14:10:07.141 [02992:08912] [UMCtrl]     Service 'UserModeHookHelper' started successfully
2025-12-05 14:10:07.141 [02992:08912] [UMCtrl]     UMHH_ObCallback_DriverCheck: merged controller hash 0x3a3807e0c12fcd81 into WhitelistHashes (total=11)
2025-12-05 14:10:07.141 [02992:08912] [UMCtrl]     UMHH_ObCallback_DriverCheck: deleted existing service UMHH.ObCallback
2025-12-05 14:10:11.509 [02992:08912] [UMCtrl]     UMHH_ObCallback_DriverCheck: DiInstallDriverW succeeded for C:\Users\Public\UserModeHookHelper\x64\Release\UMHH.ObCallback.inf (needReboot=0)
2025-12-05 14:10:11.515 [02992:08912] [UMCtrl]     UMHH_ObCallback_DriverCheck: Service binary path updated to C:\Users\Public\UserModeHookHelper\x64\Release\UMHH.ObCallback.sys
2025-12-05 14:10:11.516 [02992:08912] [UMCtrl]     UMHH_ObCallback_DriverCheck: service 'UMHH.ObCallback' not running (state=1), attempting to start
2025-12-05 14:10:11.520 [02992:08912] [UMCtrl]     successfully connect to minifilterport: 0x0000000000000520
2025-12-05 14:10:11.557 [02992:08912] [UMCtrl]     CopyUmhhDllsToRoot: copied C:\Users\Public\UserModeHookHelper\x64\Release\umhh.dll.x64.dll to C:\umhh.dll.x64.dll
2025-12-05 14:10:11.596 [02992:08912] [UMCtrl]     CopyUmhhDllsToRoot: copied C:\Users\Public\UserModeHookHelper\x64\Release\umhh.dll.Win32.dll to C:\umhh.dll.Win32.dll
2025-12-05 14:10:11.601 [02992:08912] [UMCtrl]     ConfigureBootStartService: service UMHH.BootStart deleted
2025-12-05 14:10:11.608 [02992:08912] [UMCtrl]     UMHH_BS_DriverCheck: created boot-start kernel driver UMHH.BootStart
2025-12-05 14:10:11.641 [02992:08912] [UMCtrl]     Service 'UserModeHookHelper' already running
2025-12-05 14:10:11.656 [02992:08912] [UMCtrl]     Hook section mapped and cache populated after 0ms
2025-12-05 14:10:11.694 [02992:08912] [UMCtrl]     Registry: ReadGlobalHookMode returned true, enabled=0
2025-12-05 14:10:11.713 [02992:08912] [UMCtrl]     GetMenu() returned NULL when applying GlobalHookMode check
2025-12-05 14:10:11.743 [02992:08912] [UMCtrl]     user mode miniport listener queued into work item
2025-12-05 14:10:11.778 [02992:08912] [UMCtrl]     SetMenu: applied GlobalHookMode check immediately: enabled=0
2025-12-05 14:10:11.834 [02992:08912] [UMCtrl]     dialog init succeed
2025-12-05 14:10:12.474 [02992:10492] [UMCtrl]     Scheduled background purge of ProcHookList entries
2025-12-05 14:10:13.475 [02992:08912] [UMCtrl]     Delayed menu enforcement applied: enabled=0 attempt=0
2025-12-05 14:10:25.873 [02992:08912] [UMCtrl]     get process handle=0x698 from kernel
2025-12-05 14:10:25.908 [02992:08912] [PHLIB]      target module Path=\Device\HarddiskVolume3\Windows\System32\kernel32.dll Base=0x00007FF8CF7E0000
2025-12-05 14:10:25.917 [02992:08912] [UMCtrl]     write dll Path=C:\Users\Public\UserModeHookHelper\x64\Release\umhh.dll.x64.dll to target process Pid=5136 memory Addr=0x0000021CD2430000
2025-12-05 14:10:25.926 [05136:12816] [MasterDLL]  failed to open event, Name=\BaseNamedObjects\MASTER_LOADLED_SIGNAL_BACK.5136, Status=0xc0000034
2025-12-05 14:10:39.004 [02992:08912] [HookUI]     Using module 'KernelBase.dll' base 0x7FF8CEC90000 + offset 0x43AC0 => 0x7FF8CECD3AC0
2025-12-05 14:10:39.004 [02992:08912] [HookUI]     Attempting hook at 0x7FF8CECD3AC0 for pid 5136 (Notepad.exe)
2025-12-05 14:10:42.125 [02992:08912] [HookUI]     Copied hook DLL to C:\Users\Public\UserModeHookHelper\x64\Release\hookcode_dll_temp\20251205_141041_089_HookCodeTemplate.x64.dll
2025-12-05 14:10:42.126 [02992:08912] [UMCtrl]     IPC_SendInject: pid=5136 dll=C:\Users\Public\UserModeHookHelper\x64\Release\hookcode_dll_temp\20251205_141041_089_HookCodeTemplate.x64.dll
2025-12-05 14:10:42.127 [02992:08912] [UMCtrl]     event=Global\INJECTION_SIGNAL.5136 signaled, notifying injected dll to process injection request
2025-12-05 14:10:42.127 [02992:08912] [UMCtrl]     InjectTrampoline: signal sent pid=5136 path=C:\Users\Public\UserModeHookHelper\x64\Release\hookcode_dll_temp\20251205_141041_089_HookCodeTemplate.x64.dll
2025-12-05 14:10:42.127 [02992:08912] [HookUI]     HookCode injection signaled pid=5136 path=C:\Users\Public\UserModeHookHelper\x64\Release\hookcode_dll_temp\20251205_141041_089_HookCodeTemplate.x64.dll
2025-12-05 14:10:42.127 [05136:12200] [MasterDLL]  current process is signaled to inject a dll
2025-12-05 14:10:42.129 [05136:12200] [MasterDLL]  constructed to be injected dll path: C:\Users\Public\UserModeHookHelper\x64\Release\hookcode_dll_temp\20251205_141041_089_HookCodeTemplate.x64.dll
2025-12-05 14:10:42.129 [02992:08912] [HookCore]   ApplyHook: address 0x7FF8CECD3AC0 belongs to module KernelBase.dll (pid 5136).
2025-12-05 14:10:42.129 [02992:08912] [HookCore]   ApplyHook: requesting trampoline inject umhh.trampoline.dll.x64.dll (path=C:\Users\Public\UserModeHookHelper\x64\Release\umhh.trampoline.dll.x64.dll).
2025-12-05 14:10:42.130 [02992:08912] [UMCtrl]     IPC_SendInject: pid=5136 dll=C:\Users\Public\UserModeHookHelper\x64\Release\umhh.trampoline.dll.x64.dll
2025-12-05 14:10:42.130 [02992:08912] [UMCtrl]     event=Global\INJECTION_SIGNAL.5136 signaled, notifying injected dll to process injection request
2025-12-05 14:10:42.130 [02992:08912] [UMCtrl]     InjectTrampoline: signal sent pid=5136 path=C:\Users\Public\UserModeHookHelper\x64\Release\umhh.trampoline.dll.x64.dll
2025-12-05 14:10:42.130 [02992:08912] [HookCore]   ApplyHook: InjectTrampoline result: success.
2025-12-05 14:10:43.126 [05136:12200] [MasterDLL]  current process is signaled to inject a dll
2025-12-05 14:10:43.126 [05136:12200] [MasterDLL]  constructed to be injected dll path: C:\Users\Public\UserModeHookHelper\x64\Release\umhh.trampoline.dll.x64.dll
2025-12-05 14:10:43.126 [02992:08912] [PHLIB]      target module Path=\Device\HarddiskVolume3\Users\Public\UserModeHookHelper\x64\Release\umhh.trampoline.dll.x64.dll Base=0x00007FF88A890000
2025-12-05 14:10:43.127 [02992:08912] [HookCore]   ApplyHook: trampoline DLL umhh.trampoline.dll.x64.dll detected after signaling.
2025-12-05 14:10:43.127 [02992:08912] [HookCore]   trampoline construct success
2025-12-05 14:10:44.128 [02992:08912] [HookUI]     HookCore::ApplyHook succeeded at 0x7FF8CECD3AC0
2025-12-05 14:10:49.091 [05136:02256] [HookCode]   CreateFileW opening: C:\WINDOWS\SYSTEM32\vm3dum64_loader.dll
2025-12-05 14:10:49.095 [05136:02256] [HookCode]   CreateFileW opening: C:\Program Files\WindowsApps\Microsoft.WindowsAppRuntime.1.7_7000.676.1651.0_x64__8wekyb3d8bbwe\Microsoft.UI.Xaml.resources.common.dll
2025-12-05 14:10:49.097 [05136:02256] [HookCode]   CreateFileW opening: C:\WINDOWS\FONTS\SEGOEICONS.TTF
2025-12-05 14:10:50.093 [05136:02256] [HookCode]   CreateFileW opening: C:\WINDOWS\FONTS\SEGOEICONS.TTF
2025-12-05 14:10:52.612 [05136:02256] [HookCode]   CreateFileW opening: C:\Windows\Fonts\staticcache.dat
2025-12-05 14:10:52.613 [05136:02256] [HookCode]   CreateFileW opening: C:\Users\xx\AppData\Local\IconCache.db
2025-12-05 14:10:52.615 [05136:02256] [HookCode]   CreateFileW opening: C:\Users\xx\AppData\Local\Microsoft\Windows\Explorer\iconcache_idx.db
2025-12-05 14:10:52.617 [05136:02256] [HookCode]   CreateFileW opening: C:\Users\xx\AppData\Local\Microsoft\Windows\Explorer\iconcache_16.db
2025-12-05 14:10:52.627 [05136:02256] [HookCode]   CreateFileW opening: C:\WINDOWS\system32
2025-12-05 14:10:52.641 [05136:02256] [HookCode]   CreateFileW opening: c:\windows\system32\imageres.dll
2025-12-05 14:10:52.674 [05136:02256] [HookCode]   CreateFileW opening: C:\WINDOWS\system32
2025-12-05 14:10:52.685 [05136:02256] [HookCode]   CreateFileW opening: c:\windows\system32\imageres.dll
2025-12-05 14:10:52.697 [05136:02256] [HookCode]   CreateFileW opening: C:\WINDOWS\system32
2025-12-05 14:10:52.700 [05136:02256] [HookCode]   CreateFileW opening: c:\windows\system32\imageres.dll
2025-12-05 14:10:52.707 [05136:02256] [HookCode]   CreateFileW opening: C:\Users\xx\OneDrive\desktop.ini
2025-12-05 14:10:52.726 [05136:02256] [HookCode]   CreateFileW opening: C:\WINDOWS\resources\themes\Aero\Shell\NormalColor\ShellStyle.dll
2025-12-05 14:10:52.738 [05136:02256] [HookCode]   CreateFileW opening: C:\WINDOWS\resources\themes\Aero\Shell\NormalColor\ShellStyle.dll
2025-12-05 14:10:52.742 [05136:13440] [HookCode]   CreateFileW opening: C:\Users\xx\Downloads
2025-12-05 14:10:52.748 [05136:02256] [HookCode]   CreateFileW opening: C:\WINDOWS\resources\themes\Aero\Shell\NormalColor\ShellStyle.dll
2025-12-05 14:10:52.757 [05136:02256] [HookCode]   CreateFileW opening: C:\WINDOWS\resources\themes\Aero\Shell\NormalColor\ShellStyle.dll
2025-12-05 14:10:52.760 [05136:02256] [HookCode]   CreateFileW opening: C:\WINDOWS\resources\themes\Aero\Shell\NormalColor\ShellStyle.dll
2025-12-05 14:10:52.761 [05136:02256] [HookCode]   CreateFileW opening: C:\WINDOWS\SYSTEM32\imageres.dll
2025-12-05 14:10:52.763 [05136:02256] [HookCode]   CreateFileW opening: C:\WINDOWS\resources\themes\Aero\Shell\NormalColor\ShellStyle.dll
2025-12-05 14:10:52.764 [05136:02256] [HookCode]   CreateFileW opening: C:\WINDOWS\resources\themes\Aero\Shell\NormalColor\ShellStyle.dll
2025-12-05 14:10:52.797 [05136:02256] [HookCode]   CreateFileW opening: C:\WINDOWS\resources\themes\Aero\Shell\NormalColor\ShellStyle.dll
2025-12-05 14:10:52.828 [05136:02256] [HookCode]   CreateFileW opening: C:\WINDOWS\resources\themes\Aero\Shell\NormalColor\ShellStyle.dll
2025-12-05 14:10:52.835 [05136:13440] [HookCode]   CreateFileW opening: C:\Users\xx\Desktop
2025-12-05 14:10:52.850 [05136:13440] [HookCode]   CreateFileW opening: C:\Users\Public\Desktop\desktop.ini
2025-12-05 14:10:52.853 [05136:13440] [HookCode]   CreateFileW opening: C:\Users\Public\Desktop
2025-12-05 14:10:52.855 [05136:13440] [HookCode]   CreateFileW opening: C:\
2025-12-05 14:10:52.858 [05136:13440] [HookCode]   CreateFileW opening: C:\Users
2025-12-05 14:10:52.863 [05136:13440] [HookCode]   CreateFileW opening: C:\Users\xx
2025-12-05 14:10:52.882 [05136:02256] [HookCode]   CreateFileW opening: C:\WINDOWS\system32
2025-12-05 14:10:52.900 [05136:02256] [HookCode]   CreateFileW opening: c:\windows\system32\imageres.dll
2025-12-05 14:10:52.905 [05136:13440] [HookCode]   CreateFileW opening: C:\
2025-12-05 14:10:52.948 [05136:13440] [HookCode]   CreateFileW opening: C:\Users
2025-12-05 14:10:52.966 [05136:13440] [HookCode]   CreateFileW opening: C:\Users\xx
2025-12-05 14:10:52.972 [05136:02256] [HookCode]   CreateFileW opening: C:\
2025-12-05 14:10:52.987 [05136:02256] [HookCode]   CreateFileW opening: C:\Users
2025-12-05 14:10:53.027 [05136:02256] [HookCode]   CreateFileW opening: C:\Users\xx
2025-12-05 14:10:53.047 [05136:02256] [HookCode]   CreateFileW opening: C:\
2025-12-05 14:10:53.058 [05136:02256] [HookCode]   CreateFileW opening: C:\Users
2025-12-05 14:10:53.070 [05136:02256] [HookCode]   CreateFileW opening: C:\Users\xx
2025-12-05 14:10:53.083 [05136:02256] [HookCode]   CreateFileW opening: C:\Users\xx\Favorites\desktop.ini
2025-12-05 14:10:53.114 [05136:13440] [HookCode]   CreateFileW opening: C:\
2025-12-05 14:10:53.130 [05136:13440] [HookCode]   CreateFileW opening: C:\Users
2025-12-05 14:10:53.135 [05136:13440] [HookCode]   CreateFileW opening: C:\Users\xx
2025-12-05 14:10:53.140 [05136:13440] [HookCode]   CreateFileW opening: C:\
2025-12-05 14:10:53.147 [05136:13440] [HookCode]   CreateFileW opening: C:\Users
2025-12-05 14:10:53.149 [05136:13440] [HookCode]   CreateFileW opening: C:\Users\xx
2025-12-05 14:10:53.150 [05136:13440] [HookCode]   CreateFileW opening: C:\
2025-12-05 14:10:53.154 [05136:13440] [HookCode]   CreateFileW opening: C:\Users
2025-12-05 14:10:53.609 [05136:13440] [HookCode]   CreateFileW opening: C:\Users\xx
2025-12-05 14:10:53.612 [05136:13440] [HookCode]   CreateFileW opening: C:\
2025-12-05 14:10:53.618 [05136:13440] [HookCode]   CreateFileW opening: C:\Users
2025-12-05 14:10:53.624 [05136:13440] [HookCode]   CreateFileW opening: C:\Users\xx
2025-12-05 14:10:53.625 [05136:13440] [HookCode]   CreateFileW opening: C:\Users\xx\AppData\Roaming\Microsoft\Windows\Recent\AutomaticDestinations\f01b4d95cf55d32a.automaticDestinations-ms
2025-12-05 14:10:53.625 [05136:13440] [HookCode]   CreateFileW opening: C:\Users\xx\AppData\Roaming\Microsoft\Windows\Recent\AutomaticDestinations\f01b4d95cf55d32a.automaticDestinations-ms
2025-12-05 14:10:53.632 [05136:02256] [HookCode]   CreateFileW opening: C:\
2025-12-05 14:10:53.635 [05136:02256] [HookCode]   CreateFileW opening: C:\Users
2025-12-05 14:10:53.638 [05136:02256] [HookCode]   CreateFileW opening: C:\Users\xx
2025-12-05 14:10:53.641 [05136:02256] [HookCode]   CreateFileW opening: C:\Users\xx\AppData
2025-12-05 14:10:53.642 [05136:02256] [HookCode]   CreateFileW opening: C:\Users\xx\AppData\Roaming
2025-12-05 14:10:53.644 [05136:02256] [HookCode]   CreateFileW opening: C:\Users\xx\AppData\Roaming\Microsoft\desktop.ini
2025-12-05 14:10:53.649 [05136:02256] [HookCode]   CreateFileW opening: C:\Users\xx\AppData\Roaming\Microsoft
2025-12-05 14:10:53.655 [05136:02256] [HookCode]   CreateFileW opening: C:\Users\xx\AppData\Roaming\Microsoft\Windows
2025-12-05 14:10:53.658 [05136:02256] [HookCode]   CreateFileW opening: C:\Users\xx\AppData\Roaming\Microsoft\Windows\Libraries\desktop.ini
2025-12-05 14:10:53.660 [05136:02256] [HookCode]   CreateFileW opening: C:\Users\xx\AppData\Roaming\Microsoft\Windows\Libraries
2025-12-05 14:10:53.663 [05136:02256] [HookCode]   CreateFileW opening: C:\Users\xx\AppData\Roaming\Microsoft\Windows\Libraries\CameraRoll.library-ms
2025-12-05 14:10:53.664 [05136:02256] [HookCode]   CreateFileW opening: C:\
2025-12-05 14:10:53.665 [05136:02256] [HookCode]   CreateFileW opening: C:\Users
2025-12-05 14:10:53.666 [05136:02256] [HookCode]   CreateFileW opening: C:\Users\xx
2025-12-05 14:10:53.667 [05136:02256] [HookCode]   CreateFileW opening: C:\Users\xx\AppData
2025-12-05 14:10:53.668 [05136:02256] [HookCode]   CreateFileW opening: C:\Users\xx\AppData\Roaming
2025-12-05 14:10:53.672 [05136:02256] [HookCode]   CreateFileW opening: C:\Users\xx\AppData\Roaming\Microsoft
2025-12-05 14:10:53.673 [05136:02256] [HookCode]   CreateFileW opening: C:\Users\xx\AppData\Roaming\Microsoft\Windows
2025-12-05 14:10:53.677 [05136:02256] [HookCode]   CreateFileW opening: C:\Users\xx\AppData\Roaming\Microsoft\Windows\Libraries
2025-12-05 14:10:53.678 [05136:13440] [HookCode]   CreateFileW opening: \\?\SCSI#CdRom&Ven_NECVMWar&Prod_VMware_SATA_CD01#5&260e6d66&0&010000#{53f5630d-b6bf-11d0-94f2-00a0c91efb8b}
2025-12-05 14:10:53.682 [05136:13440] [HookCode]   CreateFileW opening: \\?\SCSI#CdRom&Ven_NECVMWar&Prod_VMware_SATA_CD01#5&260e6d66&0&010000#{53f5630d-b6bf-11d0-94f2-00a0c91efb8b}
2025-12-05 14:10:53.687 [05136:13440] [HookCode]   CreateFileW opening: \\?\SCSI#CdRom&Ven_NECVMWar&Prod_VMware_SATA_CD01#5&260e6d66&0&010000#{53f5630d-b6bf-11d0-94f2-00a0c91efb8b}
2025-12-05 14:10:53.689 [05136:13440] [HookCode]   CreateFileW opening: \\?\SCSI#CdRom&Ven_NECVMWar&Prod_VMware_SATA_CD01#5&260e6d66&0&010000#{53f5630d-b6bf-11d0-94f2-00a0c91efb8b}
2025-12-05 14:10:53.692 [05136:02256] [HookCode]   CreateFileW opening: C:\
2025-12-05 14:10:53.696 [05136:02256] [HookCode]   CreateFileW opening: C:\Users
2025-12-05 14:10:53.697 [05136:02256] [HookCode]   CreateFileW opening: C:\Users\xx
2025-12-05 14:10:53.699 [05136:02256] [HookCode]   CreateFileW opening: C:\Users\xx\AppData
2025-12-05 14:10:53.703 [05136:02256] [HookCode]   CreateFileW opening: C:\Users\xx\AppData\Roaming
2025-12-05 14:10:53.709 [05136:02256] [HookCode]   CreateFileW opening: C:\Users\xx\AppData\Roaming\Microsoft
2025-12-05 14:10:53.712 [05136:02256] [HookCode]   CreateFileW opening: C:\Users\xx\AppData\Roaming\Microsoft\Windows
2025-12-05 14:10:53.713 [05136:02256] [HookCode]   CreateFileW opening: C:\Users\xx\AppData\Roaming\Microsoft\Windows\Libraries
2025-12-05 14:10:53.719 [05136:02256] [HookCode]   CreateFileW opening: C:\
2025-12-05 14:10:53.720 [05136:02256] [HookCode]   CreateFileW opening: C:\Users
2025-12-05 14:10:53.724 [05136:02256] [HookCode]   CreateFileW opening: C:\Users\xx
2025-12-05 14:10:53.730 [05136:02256] [HookCode]   CreateFileW opening: C:\Users\xx\AppData
2025-12-05 14:10:53.734 [05136:02256] [HookCode]   CreateFileW opening: C:\Users\xx\AppData\Roaming
2025-12-05 14:10:53.737 [05136:02256] [HookCode]   CreateFileW opening: C:\Users\xx\AppData\Roaming\Microsoft
2025-12-05 14:10:53.739 [05136:02256] [HookCode]   CreateFileW opening: C:\Users\xx\AppData\Roaming\Microsoft\Windows
2025-12-05 14:10:53.742 [05136:02256] [HookCode]   CreateFileW opening: C:\Users\xx\AppData\Roaming\Microsoft\Windows\Libraries
2025-12-05 14:10:53.745 [05136:02256] [HookCode]   CreateFileW opening: C:\
2025-12-05 14:10:53.747 [05136:02256] [HookCode]   CreateFileW opening: C:\Users
2025-12-05 14:10:53.752 [05136:02256] [HookCode]   CreateFileW opening: C:\Users\xx
2025-12-05 14:10:53.754 [05136:02256] [HookCode]   CreateFileW opening: C:\Users\xx\AppData
2025-12-05 14:10:53.757 [05136:02256] [HookCode]   CreateFileW opening: C:\Users\xx\AppData\Roaming
2025-12-05 14:10:53.758 [05136:02256] [HookCode]   CreateFileW opening: C:\Users\xx\AppData\Roaming\Microsoft
2025-12-05 14:10:53.760 [05136:02256] [HookCode]   CreateFileW opening: C:\Users\xx\AppData\Roaming\Microsoft\Windows
2025-12-05 14:10:53.762 [05136:02256] [HookCode]   CreateFileW opening: C:\Users\xx\AppData\Roaming\Microsoft\Windows\Libraries
2025-12-05 14:10:53.763 [05136:02256] [HookCode]   CreateFileW opening: C:\Users\xx\AppData\Roaming\Microsoft\Windows\Libraries\SavedPictures.library-ms
2025-12-05 14:10:53.769 [05136:02256] [HookCode]   CreateFileW opening: C:\
2025-12-05 14:10:53.772 [05136:02256] [HookCode]   CreateFileW opening: C:\Users
2025-12-05 14:10:53.773 [05136:02256] [HookCode]   CreateFileW opening: C:\Users\xx
2025-12-05 14:10:53.775 [05136:02256] [HookCode]   CreateFileW opening: C:\Users\xx\AppData
2025-12-05 14:10:53.776 [05136:02256] [HookCode]   CreateFileW opening: C:\Users\xx\AppData\Roaming
2025-12-05 14:10:53.778 [05136:02256] [HookCode]   CreateFileW opening: C:\Users\xx\AppData\Roaming\Microsoft
2025-12-05 14:10:53.779 [05136:02256] [HookCode]   CreateFileW opening: C:\Users\xx\AppData\Roaming\Microsoft\Windows
2025-12-05 14:10:53.782 [05136:02256] [HookCode]   CreateFileW opening: C:\Users\xx\AppData\Roaming\Microsoft\Windows\Libraries
2025-12-05 14:10:53.786 [05136:02256] [HookCode]   CreateFileW opening: C:\
2025-12-05 14:10:53.789 [05136:02256] [HookCode]   CreateFileW opening: C:\Users
2025-12-05 14:10:53.793 [05136:02256] [HookCode]   CreateFileW opening: C:\Users\xx
2025-12-05 14:10:53.798 [05136:02256] [HookCode]   CreateFileW opening: C:\
2025-12-05 14:10:53.805 [05136:02256] [HookCode]   CreateFileW opening: C:\Users
2025-12-05 14:10:53.810 [05136:02256] [HookCode]   CreateFileW opening: C:\Users\xx
2025-12-05 14:10:53.815 [05136:02256] [HookCode]   CreateFileW opening: C:\
2025-12-05 14:10:53.816 [05136:02256] [HookCode]   CreateFileW opening: C:\Users
2025-12-05 14:10:53.823 [05136:02256] [HookCode]   CreateFileW opening: C:\Users\xx
2025-12-05 14:10:53.825 [05136:02256] [HookCode]   CreateFileW opening: C:\
2025-12-05 14:10:53.827 [05136:02256] [HookCode]   CreateFileW opening: C:\Users
2025-12-05 14:10:53.827 [05136:02256] [HookCode]   CreateFileW opening: C:\Users\xx
2025-12-05 14:10:53.836 [05136:02256] [HookCode]   CreateFileW opening: C:\
2025-12-05 14:10:53.838 [05136:02256] [HookCode]   CreateFileW opening: C:\Users
2025-12-05 14:10:53.838 [05136:02256] [HookCode]   CreateFileW opening: C:\Users\xx
2025-12-05 14:10:53.839 [05136:02752] [HookCode]   CreateFileW opening: C:\Users\xx\AppData\Local\Microsoft\Windows\Explorer\iconcache_idx.db
2025-12-05 14:10:53.840 [05136:02752] [HookCode]   CreateFileW opening: C:\Users\xx\AppData\Local\Microsoft\Windows\Explorer\iconcache_16.db
2025-12-05 14:10:53.841 [05136:02752] [HookCode]   CreateFileW opening: C:\Users\xx\AppData\Local\Microsoft\OneDrive
2025-12-05 14:10:53.843 [05136:02752] [HookCode]   CreateFileW opening: c:\users\xx\appdata\local\microsoft\onedrive\onedrive.exe
2025-12-05 14:10:53.846 [05136:02752] [HookCode]   CreateFileW opening: C:\WINDOWS\system32
2025-12-05 14:10:53.848 [05136:13440] [HookCode]   CreateFileW opening: C:\Users\xx\AppData\Local\Microsoft\Windows\Explorer\iconcache_idx.db
2025-12-05 14:10:53.849 [05136:02752] [HookCode]   CreateFileW opening: %systemroot%\system32
2025-12-05 14:10:53.849 [05136:02752] [HookCode]   CreateFileW opening: C:\WINDOWS\system32
2025-12-05 14:10:53.850 [05136:02752] [HookCode]   CreateFileW opening: c:\windows\system32\imageres.dll
2025-12-05 14:10:53.851 [05136:02752] [HookCode]   CreateFileW opening: C:\WINDOWS\system32
2025-12-05 14:10:53.851 [05136:02752] [HookCode]   CreateFileW opening: c:\windows\system32\imageres.dll
2025-12-05 14:10:53.851 [05136:02752] [HookCode]   CreateFileW opening: C:\WINDOWS\system32
2025-12-05 14:10:53.851 [05136:02752] [HookCode]   CreateFileW opening: c:\windows\system32\imageres.dll
2025-12-05 14:10:53.852 [05136:13440] [HookCode]   CreateFileW opening: C:\Users\xx\AppData\Local\Microsoft\Windows\Explorer\iconcache_16.db
2025-12-05 14:10:53.852 [05136:13440] [HookCode]   CreateFileW opening: C:\WINDOWS\system32
2025-12-05 14:10:53.852 [05136:11228] [HookCode]   CreateFileW opening: C:\Users\xx\AppData\Local\Microsoft\Windows\Explorer\iconcache_idx.db
2025-12-05 14:10:53.852 [05136:13584] [HookCode]   CreateFileW opening: C:\ProgramData\Avast Software\Icarus\avast-av\icarus.ini
2025-12-05 14:10:53.853 [05136:13584] [HookCode]   CreateFileW opening: C:\ProgramData\Avast Software\Icarus\avast-av\icarus.ini
2025-12-05 14:10:53.855 [05136:13584] [HookCode]   CreateFileW opening: C:\ProgramData\Avast Software\Avast\log\ashshell.log
2025-12-05 14:10:53.855 [05136:11228] [HookCode]   CreateFileW opening: C:\Users\xx\AppData\Local\Microsoft\Windows\Explorer\iconcache_16.db
2025-12-05 14:10:53.855 [05136:13584] [HookCode]   CreateFileW opening: C:\ProgramData\Avast Software\Icarus\avast-av\icarus.ini
2025-12-05 14:10:53.855 [05136:13584] [HookCode]   CreateFileW opening: C:\ProgramData\Avast Software\Icarus\avast-av\icarus.ini
2025-12-05 14:10:53.855 [05136:02752] [HookCode]   CreateFileW opening: \\.\aswSnx
2025-12-05 14:10:53.855 [05136:13584] [HookCode]   CreateFileW opening: \\.\aswSnx
2025-12-05 14:10:53.856 [05136:13440] [HookCode]   CreateFileW opening: \\.\aswSnx
2025-12-05 14:10:53.856 [05136:13600] [HookCode]   CreateFileW opening: \\.\aswSnx
2025-12-05 14:10:53.856 [05136:02752] [HookCode]   CreateFileW opening: \\.\aswSnx
2025-12-05 14:10:53.856 [05136:13584] [HookCode]   CreateFileW opening: \\.\aswSnx
2025-12-05 14:10:53.856 [05136:02256] [HookCode]   CreateFileW opening: C:\WINDOWS\resources\themes\Aero\Shell\NormalColor\ShellStyle.dll
2025-12-05 14:10:53.856 [05136:11228] [HookCode]   CreateFileW opening: C:\WINDOWS\system32
2025-12-05 14:10:54.622 [05136:11228] [HookCode]   CreateFileW opening: c:\windows\system32\imageres.dll
2025-12-05 14:10:55.621 [05136:02256] [HookCode]   CreateFileW opening: C:\WINDOWS\resources\themes\Aero\Shell\NormalColor\ShellStyle.dll
2025-12-05 14:10:55.628 [05136:13440] [HookCode]   CreateFileW opening: \\.\aswSnx
2025-12-05 14:10:55.632 [05136:13604] [HookCode]   CreateFileW opening: \\localhost\C$\Users\xx\Downloads
2025-12-05 14:10:55.638 [05136:13604] [HookCode]   CreateFileW opening: \\localhost\C$\Users\xx\Downloads
